<?xml version="1.0" encoding="utf-8" standalone="no"?>
<test-run id="0" runstate="Runnable" testcasecount="1" result="Failed" total="1" passed="0" failed="1" inconclusive="0" skipped="0" asserts="0" engine-version="3.11.1.0" clr-version="4.0.30319.42000" start-time="2020-09-01 12:17:16Z" end-time="2020-09-01 12:17:17Z" duration="0.921018">
  <command-line><![CDATA[C:\Users\egormatveev\Sprint_server\data\solutions\2284\Calculator\test_folder\nunit3-console.exe --work data\solutions\2284\Calculator\test_folder data\solutions\2284\Calculator\test_folder\1.dll]]></command-line>
  <test-suite type="Assembly" id="0-1002" name="1.dll" fullname="C:\Users\egormatveev\Sprint_server\data\solutions\2284\Calculator\test_folder\1.dll" runstate="Runnable" testcasecount="1" result="Failed" site="Child" start-time="2020-09-01 12:17:17Z" end-time="2020-09-01 12:17:17Z" duration="0.033878" total="1" passed="0" failed="1" warnings="0" inconclusive="0" skipped="0" asserts="0">
    <environment framework-version="3.11.0.0" clr-version="4.0.30319.42000" os-version="Microsoft Windows NT 10.0.18362" platform="Win32NT" cwd="C:\Users\egormatveev\Sprint_server" machine-name="32D2" user="egormatveev" user-domain="32D2" culture="ru-RU" uiculture="ru-RU" os-architecture="x64" />
    <settings>
      <setting name="DisposeRunners" value="True" />
      <setting name="WorkDirectory" value="data\solutions\2284\Calculator\test_folder" />
      <setting name="ImageRuntimeVersion" value="4.0.30319" />
      <setting name="ImageRequiresX86" value="False" />
      <setting name="ImageRequiresDefaultAppDomainAssemblyResolver" value="False" />
      <setting name="RuntimeFramework" value="mono-4.0" />
      <setting name="NumberOfTestWorkers" value="2" />
    </settings>
    <properties>
      <property name="_PID" value="1676" />
      <property name="_APPDOMAIN" value="domain-" />
    </properties>
    <failure>
      <message><![CDATA[One or more child tests had errors]]></message>
    </failure>
    <test-suite type="TestSuite" id="0-1003" name="TestProject2" fullname="TestProject2" runstate="Runnable" testcasecount="1" result="Failed" site="Child" start-time="2020-09-01 12:17:17Z" end-time="2020-09-01 12:17:17Z" duration="0.024551" total="1" passed="0" failed="1" warnings="0" inconclusive="0" skipped="0" asserts="0">
      <failure>
        <message><![CDATA[One or more child tests had errors]]></message>
      </failure>
      <test-suite type="TestFixture" id="0-1000" name="Tests" fullname="TestProject2.Tests" classname="TestProject2.Tests" runstate="Runnable" testcasecount="1" result="Failed" site="Child" start-time="2020-09-01 12:17:17Z" end-time="2020-09-01 12:17:17Z" duration="0.022650" total="1" passed="0" failed="1" warnings="0" inconclusive="0" skipped="0" asserts="0">
        <failure>
          <message><![CDATA[One or more child tests had errors]]></message>
        </failure>
        <test-case id="0-1001" name="Test1" fullname="TestProject2.Tests.Test1" methodname="Test1" classname="TestProject2.Tests" runstate="Runnable" seed="534180253" result="Failed" label="Error" start-time="2020-09-01 12:17:17Z" end-time="2020-09-01 12:17:17Z" duration="0.016516" asserts="0">
          <failure>
            <message><![CDATA[System.IO.FileNotFoundException : Could not find file "C:\Users\egormatveev\Sprint_server\1.txt"]]></message>
            <stack-trace><![CDATA[  at System.IO.FileStream..ctor (System.String path, System.IO.FileMode mode, System.IO.FileAccess access, System.IO.FileShare share, System.Int32 bufferSize, System.Boolean anonymous, System.IO.FileOptions options) [0x0019e] in <e04d3ec971c54d368992eafd86c45930>:0 
  at System.IO.FileStream..ctor (System.String path, System.IO.FileMode mode, System.IO.FileAccess access, System.IO.FileShare share, System.Int32 bufferSize, System.IO.FileOptions options) [0x00000] in <e04d3ec971c54d368992eafd86c45930>:0 
  at (wrapper remoting-invoke-with-check) System.IO.FileStream..ctor(string,System.IO.FileMode,System.IO.FileAccess,System.IO.FileShare,int,System.IO.FileOptions)
  at System.IO.StreamReader..ctor (System.String path, System.Text.Encoding encoding, System.Boolean detectEncodingFromByteOrderMarks, System.Int32 bufferSize) [0x00055] in <e04d3ec971c54d368992eafd86c45930>:0 
  at System.IO.StreamReader..ctor (System.String path, System.Boolean detectEncodingFromByteOrderMarks) [0x00007] in <e04d3ec971c54d368992eafd86c45930>:0 
  at System.IO.StreamReader..ctor (System.String path) [0x00000] in <e04d3ec971c54d368992eafd86c45930>:0 
  at (wrapper remoting-invoke-with-check) System.IO.StreamReader..ctor(string)
  at TestProject2.Tests.Test1 () [0x00001] in <45ac94a247084c13b4e44346930c6b09>:0 
  at (wrapper managed-to-native) System.Reflection.RuntimeMethodInfo.InternalInvoke(System.Reflection.RuntimeMethodInfo,object,object[],System.Exception&)
  at System.Reflection.RuntimeMethodInfo.Invoke (System.Object obj, System.Reflection.BindingFlags invokeAttr, System.Reflection.Binder binder, System.Object[] parameters, System.Globalization.CultureInfo culture) [0x0006a] in <e04d3ec971c54d368992eafd86c45930>:0 ]]></stack-trace>
          </failure>
        </test-case>
      </test-suite>
    </test-suite>
  </test-suite>
</test-run>