Testing directory created
Checking if SampleProject is project
Microsoft (R) Build Engine версии 16.8.0+126527ff1 для .NET
(CMicrosoft (R) Build Engine версии 16.8.0+126527ff1 для .NET
(C) Корпора  Определение проектов для восстановления...
  Восстановлен C:\Users\79175\Desktop\sprint_server\data\soluti  Все проекты обновлены для восстановления.
C:\Program Files\dotnet\sdk\5.0.100\Sdks\Microsoft.NET.Sdk\targets\Microsoft.NET.Sdk.targets(290,5): error MSB4018: непредвиденная ошибка при выполнен
Сборка успешно завершена.
    Предупреждений: 0
    Ошибок: 0

Прошло времени 00:00:02.89
s\2609\Solution\SampleProject\SampleProject.csproj]
C:\Program Files\dotnet\sdk\5.0.100\Sdks\Microsoft.NET.Sdk\targets\Microsoft.NET.Sdk.targets(290,5): error MSB4018: System.IO.IOException: The process cannot access the file 'C:\Users\79175\Desktop\sprint_server\data\solutions\2609\Solution\SampleProject\bin\Debug\SampleProject.runtimeconfig.json' because it is being used by another process. [C:\Users\79175\Desktop\sprint_server\data\solutions\2609\Solution\SampleProject\SampleProject.csproj]
C:\Program Files\dotnet\sdk\5.0.100\Sdks\Microsoft.NET.Sdk\targets\Microsoft.NET.Sdk.targets(290,5): error MSB4018:    at System.IO.FileStream.ValidateFileHandle(SafeFileHandle fileHandle) [C:\Users\79175\Desktop\sprint_server\data\solutions\2609\Solution\SampleProject\SampleProject.csproj]
C:\Program Files\dotnet\sdk\5.0.100\Sdks\Microsoft.NET.Sdk\targets\Microsoft.NET.Sdk.targets(290,5): error MSB4018:    at System.IO.FileStream.CreateFileOpenHandle(FileMode mode, FileShare share, FileOptions options) [C:\Users\79175\Desktop\sprint_server\data\solutions\2609\Solution\SampleProject\SampleProject.csproj]
C:\Program Files\dotnet\sdk\5.0.100\Sdks\Microsoft.NET.Sdk\targets\Microsoft.NET.Sdk.targets(290,5): error MSB4018:    at System.IO.FileStream..ctor(String path, FileMode mode, FileAccess access, FileShare share, Int32 bufferSize, FileOptions options) [C:\Users\79175\Desktop\sprint_server\data\solutions\2609\Solution\SampleProject\SampleProject.csproj]
C:\Program Files\dotnet\sdk\5.0.100\Sdks\Microsoft.NET.Sdk\targets\Microsoft.NET.Sdk.targets(290,5): error MSB4018:    at System.IO.FileStream..ctor(String path, FileMode mode, FileAccess access, FileShare share, Int32 bufferSize) [C:\Users\79175\Desktop\sprint_server\data\solutions\2609\Solution\SampleProject\SampleProject.csproj]
C:\Program Files\dotnet\sdk\5.0.100\Sdks\Microsoft.NET.Sdk\targets\Microsoft.NET.Sdk.targets(290,5): error MSB4018:    at System.IO.File.Create(String path) [C:\Users\79175\Desktop\sprint_server\data\solutions\2609\Solution\SampleProject\SampleProject.csproj]
C:\Program Files\dotnet\sdk\5.0.100\Sdks\Microsoft.NET.Sdk\targets\Microsoft.NET.Sdk.targets(290,5): error MSB4018:    at Microsoft.NET.Build.Tasks.GenerateRuntimeConfigurationFiles.WriteToJsonFile(String fileName, Object value) [C:\Users\79175\Desktop\sprint_server\data\solutions\2609\Solution\SampleProject\SampleProject.csproj]
C:\Program Files\dotnet\sdk\5.0.100\Sdks\Microsoft.NET.Sdk\targets\Microsoft.NET.Sdk.targets(290,5): error MSB4018:    at Microsoft.NET.Build.Tasks.GenerateRuntimeConfigurationFiles.WriteRuntimeConfig(RuntimeFramework[] runtimeFrameworks, LockFileTargetLibrary platformLibrary, Boolean isFrameworkDependent, IList`1 packageFolders) [C:\Users\79175\Desktop\sprint_server\data\solutions\2609\Solution\SampleProject\SampleProject.csproj]
C:\Program Files\dotnet\sdk\5.0.100\Sdks\Microsoft.NET.Sdk\targets\Microsoft.NET.Sdk.targets(290,5): error MSB4018:    at Microsoft.NET.Build.Tasks.GenerateRuntimeConfigurationFiles.ExecuteCore() [C:\Users\79175\Desktop\sprint_server\data\solutions\2609\Solution\SampleProject\SampleProject.csproj]
C:\Program Files\dotnet\sdk\5.0.100\Sdks\Microsoft.NET.Sdk\targets\Microsoft.NET.Sdk.targets(290,5): error MSB4018:    at Microsoft.NET.Build.Tasks.TaskBase.Execute() [C:\Users\79175\Desktop\sprint_server\data\solutions\2609\Solution\SampleProject\SampleProject.csproj]
C:\Program Files\dotnet\sdk\5.0.100\Sdks\Microsoft.NET.Sdk\targets\Microsoft.NET.Sdk.targets(290,5): error MSB4018:    at Microsoft.Build.BackEnd.TaskExecutionHost.Microsoft.Build.BackEnd.ITaskExecutionHost.Execute() [C:\Users\79175\Desktop\sprint_server\data\solutions\2609\Solution\SampleProject\SampleProject.csproj]
C:\Program Files\dotnet\sdk\5.0.100\Sdks\Microsoft.NET.Sdk\targets\Microsoft.NET.Sdk.targets(290,5): error MSB4018:    at Microsoft.Build.BackEnd.TaskBuilder.ExecuteInstantiatedTask(ITaskExecutionHost taskExecutionHost, TaskLoggingContext taskLoggingContext, TaskHost taskHost, ItemBucket bucket, TaskExecutionMode howToExecuteTask) [C:\Users\79175\Desktop\sprint_server\data\solutions\2609\Solution\SampleProject\SampleProject.csproj]

Ошибка сборки.

C:\Program Files\dotnet\sdk\5.0.100\Sdks\Microsoft.NET.Sdk\targets\Microsoft.NET.Sdk.targets(290,5): error MSB4018: непредвиденная ошибка при выполнении задачи GenerateRuntimeConfigurationFiles". [C:\Users\79175\Desktop\sprint_server\data\solutions\2609\Solution\SampleProject\SampleProject.csproj]
C:\Program Files\dotnet\sdk\5.0.100\Sdks\Microsoft.NET.Sdk\targets\Microsoft.NET.Sdk.targets(290,5): error MSB4018: System.IO.IOException: The process cannot access the file 'C:\Users\79175\Desktop\sprint_server\data\solutions\2609\Solution\SampleProject\bin\Debug\SampleProject.runtimeconfig.json' because it is being used by another process. [C:\Users\79175\Desktop\sprint_server\data\solutions\2609\Solution\SampleProject\SampleProject.csproj]
C:\Program Files\dotnet\sdk\5.0.100\Sdks\Microsoft.NET.Sdk\targets\Microsoft.NET.Sdk.targets(290,5): error MSB4018:    at System.IO.FileStream.ValidateFileHandle(SafeFileHandle fileHandle) [C:\Users\79175\Desktop\sprint_server\data\solutions\2609\Solution\SampleProject\SampleProject.csproj]
C:\Program Files\dotnet\sdk\5.0.100\Sdks\Microsoft.NET.Sdk\targets\Microsoft.NET.Sdk.targets(290,5): error MSB4018:    at System.IO.FileStream.CreateFileOpenHandle(FileMode mode, FileShare share, FileOptions options) [C:\Users\79175\Desktop\sprint_server\data\solutions\2609\Solution\SampleProject\SampleProject.csproj]
C:\Program Files\dotnet\sdk\5.0.100\Sdks\Microsoft.NET.Sdk\targets\Microsoft.NET.Sdk.targets(290,5): error MSB4018:    at System.IO.FileStream..ctor(String path, FileMode mode, FileAccess access, FileShare share, Int32 bufferSize, FileOptions options) [C:\Users\79175\Desktop\sprint_server\data\solutions\2609\Solution\SampleProject\SampleProject.csproj]
C:\Program Files\dotnet\sdk\5.0.100\Sdks\Microsoft.NET.Sdk\targets\Microsoft.NET.Sdk.targets(290,5): error MSB4018:    at System.IO.FileStream..ctor(String path, FileMode mode, FileAccess access, FileShare share, Int32 bufferSize) [C:\Users\79175\Desktop\sprint_server\data\solutions\2609\Solution\SampleProject\SampleProject.csproj]
C:\Program Files\dotnet\sdk\5.0.100\Sdks\Microsoft.NET.Sdk\targets\Microsoft.NET.Sdk.targets(290,5): error MSB4018:    at System.IO.File.Create(String path) [C:\Users\79175\Desktop\sprint_server\data\solutions\2609\Solution\SampleProject\SampleProject.csproj]
C:\Program Files\dotnet\sdk\5.0.100\Sdks\Microsoft.NET.Sdk\targets\Microsoft.NET.Sdk.targets(290,5): error MSB4018:    at Microsoft.NET.Build.Tasks.GenerateRuntimeConfigurationFiles.WriteToJsonFile(String fileName, Object value) [C:\Users\79175\Desktop\sprint_server\data\solutions\2609\Solution\SampleProject\SampleProject.csproj]
C:\Program Files\dotnet\sdk\5.0.100\Sdks\Microsoft.NET.Sdk\targets\Microsoft.NET.Sdk.targets(290,5): error MSB4018:    at Microsoft.NET.Build.Tasks.GenerateRuntimeConfigurationFiles.WriteRuntimeConfig(RuntimeFramework[] runtimeFrameworks, LockFileTargetLibrary platformLibrary, Boolean isFrameworkDependent, IList`1 packageFolders) [C:\Users\79175\Desktop\sprint_server\data\solutions\2609\Solution\SampleProject\SampleProject.csproj]
C:\Program Files\dotnet\sdk\5.0.100\Sdks\Microsoft.NET.Sdk\targets\Microsoft.NET.Sdk.targets(290,5): error MSB4018:    at Microsoft.NET.Build.Tasks.GenerateRuntimeConfigurationFiles.ExecuteCore() [C:\Users\79175\Desktop\sprint_server\data\solutions\2609\Solution\SampleProject\SampleProject.csproj]
C:\Program Files\dotnet\sdk\5.0.100\Sdks\Microsoft.NET.Sdk\targets\Microsoft.NET.Sdk.targets(290,5): error MSB4018:    at Microsoft.NET.Build.Tasks.TaskBase.Execute() [C:\Users\79175\Desktop\sprint_server\data\solutions\2609\Solution\SampleProject\SampleProject.csproj]
C:\Program Files\dotnet\sdk\5.0.100\Sdks\Microsoft.NET.Sdk\targets\Microsoft.NET.Sdk.targets(290,5): error MSB4018:    at Microsoft.Build.BackEnd.TaskExecutionHost.Microsoft.Build.BackEnd.ITaskExecutionHost.Execute() [C:\Users\79175\Desktop\sprint_server\data\solutions\2609\Solution\SampleProject\SampleProject.csproj]
C:\Program Files\dotnet\sdk\5.0.100\Sdks\Microsoft.NET.Sdk\targets\Microsoft.NET.Sdk.targets(290,5): error MSB4018:    at Microsoft.Build.BackEnd.TaskBuilder.ExecuteInstantiatedTask(ITaskExecutionHost taskExecutionHost, TaskLoggingContext taskLoggingContext, TaskHost taskHost, ItemBucket bucket, TaskExecutionMode howToExecuteTask) [C:\Users\79175\Desktop\sprint_server\data\solutions\2609\Solution\SampleProject\SampleProject.csproj]
    Предупреждений: 0
    Ошибок: 1

Прошло времени 00:00:02.51
Checking if SampleSolution.sln is project
Checking if SampleSolution.sln is project
Checking if test_folder is project
Checking if test_folder is project
Copying test file to working directory
Copying test file to working directory
Test file copied
Test file copied
Building tests file started
Building tests file started
Компилятор Microsoft (R) Visual C# версии 3.8.0-5.20567.16 (53c5d7d3)
c Корпорация Майкрософт (Microsoft Corporation). Все права защищены.

error CS2012: Не удается открыть "C:\Users\79175\Desktop\sprint_server\data\solutions\2609\Solution\test_folder\tests.dll" для записи - "Процесс не может получить доступ к файлу "C:\Users\79175\Desktop\sprint_server\data\solutions\2609\Solution\test_folder\tests.dll", так как этот файл используется другим процессом.".
Building tests file finished
Got .dll tests file
Building image
Building tests file finished
Got .dll tests file
Building image
Image built successfully
Running container
Image built successfully
Running container
Running finished
Untagged: solution_2609:latest
Deleted: sha256:f408910985ce0acdbeecc7427cbcd604da128111ff499df5b645b282cd1fd543
Result file not found in container
Running finished
solution_container_2609
Result file not found in container
