Testing directory created
Checking if .vs is project
Checking if SampleProject is project
Microsoft (R) Build Engine версии 16.8.3+39993bd9d для .NET
(C) Корпорация Майкрософт (MiMicrosoft (R) Build Engine версии 16.8.3+3999  Определение проектов для восстановления...
  Восстановлен C:\Users\79175\Desktop\Sprint_server\data\solutions\2700\Solution\SamplePro  Восстановлен C:\Users\79175\Desktop\Sp  SampleProject -> C:\Users\79175\Desktop\Sprint_server\data\solutions\2700\Solution\SampleProject\bin\Debug\SampleProject.dll

Сборка успешно завершена.
    Предупреждений: 0
    Ошибок: 0

Прошло времени 00:00:01.66
я "obj\Debug\netcoreapp3.1\SampleProject.csprojAssemblyReference.cache". The process cannot access the file 'C:\Users\79175\Desktop\Sprint_server\data\solutions\2700\Solution\SampleProject\obj\Debug\netcoreapp3.1\SampleProject.csprojAssemblyReference.cache' because it is being used by another process. [C:\Users\79175\Desktop\Sprint_server\data\solutions\2700\Solution\SampleProject\SampleProject.csproj]
C:\Program Files\dotnet\sdk\5.0.103\Sdks\Microsoft.NET.Sdk\targets\Microsoft.NET.Sdk.targets(290,5): error MSB4018: непредвиденная ошибка при выполнении задачи GenerateRuntimeConfigurationFiles". [C:\Users\79175\Desktop\Sprint_server\data\solutions\2700\Solution\SampleProject\SampleProject.csproj]
C:\Program Files\dotnet\sdk\5.0.103\Sdks\Microsoft.NET.Sdk\targets\Microsoft.NET.Sdk.targets(290,5): error MSB4018: System.IO.IOException: The process cannot access the file 'C:\Users\79175\Desktop\Sprint_server\data\solutions\2700\Solution\SampleProject\bin\Debug\SampleProject.runtimeconfig.json' because it is being used by another process. [C:\Users\79175\Desktop\Sprint_server\data\solutions\2700\Solution\SampleProject\SampleProject.csproj]
C:\Program Files\dotnet\sdk\5.0.103\Sdks\Microsoft.NET.Sdk\targets\Microsoft.NET.Sdk.targets(290,5): error MSB4018:    at System.IO.FileStream.ValidateFileHandle(SafeFileHandle fileHandle) [C:\Users\79175\Desktop\Sprint_server\data\solutions\2700\Solution\SampleProject\SampleProject.csproj]
C:\Program Files\dotnet\sdk\5.0.103\Sdks\Microsoft.NET.Sdk\targets\Microsoft.NET.Sdk.targets(290,5): error MSB4018:    at System.IO.FileStream.CreateFileOpenHandle(FileMode mode, FileShare share, FileOptions options) [C:\Users\79175\Desktop\Sprint_server\data\solutions\2700\Solution\SampleProject\SampleProject.csproj]
C:\Program Files\dotnet\sdk\5.0.103\Sdks\Microsoft.NET.Sdk\targets\Microsoft.NET.Sdk.targets(290,5): error MSB4018:    at System.IO.FileStream..ctor(String path, FileMode mode, FileAccess access, FileShare share, Int32 bufferSize, FileOptions options) [C:\Users\79175\Desktop\Sprint_server\data\solutions\2700\Solution\SampleProject\SampleProject.csproj]
C:\Program Files\dotnet\sdk\5.0.103\Sdks\Microsoft.NET.Sdk\targets\Microsoft.NET.Sdk.targets(290,5): error MSB4018:    at System.IO.FileStream..ctor(String path, FileMode mode, FileAccess access, FileShare share, Int32 bufferSize) [C:\Users\79175\Desktop\Sprint_server\data\solutions\2700\Solution\SampleProject\SampleProject.csproj]
C:\Program Files\dotnet\sdk\5.0.103\Sdks\Microsoft.NET.Sdk\targets\Microsoft.NET.Sdk.targets(290,5): error MSB4018:    at System.IO.File.Create(String path) [C:\Users\79175\Desktop\Sprint_server\data\solutions\2700\Solution\SampleProject\SampleProject.csproj]
C:\Program Files\dotnet\sdk\5.0.103\Sdks\Microsoft.NET.Sdk\targets\Microsoft.NET.Sdk.targets(290,5): error MSB4018:    at Microsoft.NET.Build.Tasks.GenerateRuntimeConfigurationFiles.WriteToJsonFile(String fileName, Object value) [C:\Users\79175\Desktop\Sprint_server\data\solutions\2700\Solution\SampleProject\SampleProject.csproj]
C:\Program Files\dotnet\sdk\5.0.103\Sdks\Microsoft.NET.Sdk\targets\Microsoft.NET.Sdk.targets(290,5): error MSB4018:    at Microsoft.NET.Build.Tasks.GenerateRuntimeConfigurationFiles.WriteRuntimeConfig(RuntimeFramework[] runtimeFrameworks, LockFileTargetLibrary platformLibrary, Boolean isFrameworkDependent, IList`1 packageFolders) [C:\Users\79175\Desktop\Sprint_server\data\solutions\2700\Solution\SampleProject\SampleProject.csproj]
C:\Program Files\dotnet\sdk\5.0.103\Sdks\Microsoft.NET.Sdk\targets\Microsoft.NET.Sdk.targets(290,5): error MSB4018:    at Microsoft.NET.Build.Tasks.GenerateRuntimeConfigurationFiles.ExecuteCore() [C:\Users\79175\Desktop\Sprint_server\data\solutions\2700\Solution\SampleProject\SampleProject.csproj]
C:\Program Files\dotnet\sdk\5.0.103\Sdks\Microsoft.NET.Sdk\targets\Microsoft.NET.Sdk.targets(290,5): error MSB4018:    at Microsoft.NET.Build.Tasks.TaskBase.Execute() [C:\Users\79175\Desktop\Sprint_server\data\solutions\2700\Solution\SampleProject\SampleProject.csproj]
C:\Program Files\dotnet\sdk\5.0.103\Sdks\Microsoft.NET.Sdk\targets\Microsoft.NET.Sdk.targets(290,5): error MSB4018:    at Microsoft.Build.BackEnd.TaskExecutionHost.Microsoft.Build.BackEnd.ITaskExecutionHost.Execute() [C:\Users\79175\Desktop\Sprint_server\data\solutions\2700\Solution\SampleProject\SampleProject.csproj]
C:\Program Files\dotnet\sdk\5.0.103\Sdks\Microsoft.NET.Sdk\targets\Microsoft.NET.Sdk.targets(290,5): error MSB4018:    at Microsoft.Build.BackEnd.TaskBuilder.ExecuteInstantiatedTask(ITaskExecutionHost taskExecutionHost, TaskLoggingContext taskLoggingContext, TaskHost taskHost, ItemBucket bucket, TaskExecutionMode howToExecuteTask) [C:\Users\79175\Desktop\Sprint_server\data\solutions\2700\Solution\SampleProject\SampleProject.csproj]

Ошибка сборки.

C:\Program Files\dotnet\sdk\5.0.103\Microsoft.Common.CurrentVersion.targets(2123,5): warning MSB3088: не удалось прочитать файл состояния "obj\Debug\netcoreapp3.1\SampleProject.csprojAssemblyReference.cache". The process cannot access the file 'C:\Users\79175\Desktop\Sprint_server\data\solutions\2700\Solution\SampleProject\obj\Debug\netcoreapp3.1\SampleProject.csprojAssemblyReference.cache' because it is being used by another process. [C:\Users\79175\Desktop\Sprint_server\data\solutions\2700\Solution\SampleProject\SampleProject.csproj]
C:\Program Files\dotnet\sdk\5.0.103\Sdks\Microsoft.NET.Sdk\targets\Microsoft.NET.Sdk.targets(290,5): error MSB4018: непредвиденная ошибка при выполнении задачи GenerateRuntimeConfigurationFiles". [C:\Users\79175\Desktop\Sprint_server\data\solutions\2700\Solution\SampleProject\SampleProject.csproj]
C:\Program Files\dotnet\sdk\5.0.103\Sdks\Microsoft.NET.Sdk\targets\Microsoft.NET.Sdk.targets(290,5): error MSB4018: System.IO.IOException: The process cannot access the file 'C:\Users\79175\Desktop\Sprint_server\data\solutions\2700\Solution\SampleProject\bin\Debug\SampleProject.runtimeconfig.json' because it is being used by another process. [C:\Users\79175\Desktop\Sprint_server\data\solutions\2700\Solution\SampleProject\SampleProject.csproj]
C:\Program Files\dotnet\sdk\5.0.103\Sdks\Microsoft.NET.Sdk\targets\Microsoft.NET.Sdk.targets(290,5): error MSB4018:    at System.IO.FileStream.ValidateFileHandle(SafeFileHandle fileHandle) [C:\Users\79175\Desktop\Sprint_server\data\solutions\2700\Solution\SampleProject\SampleProject.csproj]
C:\Program Files\dotnet\sdk\5.0.103\Sdks\Microsoft.NET.Sdk\targets\Microsoft.NET.Sdk.targets(290,5): error MSB4018:    at System.IO.FileStream.CreateFileOpenHandle(FileMode mode, FileShare share, FileOptions options) [C:\Users\79175\Desktop\Sprint_server\data\solutions\2700\Solution\SampleProject\SampleProject.csproj]
C:\Program Files\dotnet\sdk\5.0.103\Sdks\Microsoft.NET.Sdk\targets\Microsoft.NET.Sdk.targets(290,5): error MSB4018:    at System.IO.FileStream..ctor(String path, FileMode mode, FileAccess access, FileShare share, Int32 bufferSize, FileOptions options) [C:\Users\79175\Desktop\Sprint_server\data\solutions\2700\Solution\SampleProject\SampleProject.csproj]
C:\Program Files\dotnet\sdk\5.0.103\Sdks\Microsoft.NET.Sdk\targets\Microsoft.NET.Sdk.targets(290,5): error MSB4018:    at System.IO.FileStream..ctor(String path, FileMode mode, FileAccess access, FileShare share, Int32 bufferSize) [C:\Users\79175\Desktop\Sprint_server\data\solutions\2700\Solution\SampleProject\SampleProject.csproj]
C:\Program Files\dotnet\sdk\5.0.103\Sdks\Microsoft.NET.Sdk\targets\Microsoft.NET.Sdk.targets(290,5): error MSB4018:    at System.IO.File.Create(String path) [C:\Users\79175\Desktop\Sprint_server\data\solutions\2700\Solution\SampleProject\SampleProject.csproj]
C:\Program Files\dotnet\sdk\5.0.103\Sdks\Microsoft.NET.Sdk\targets\Microsoft.NET.Sdk.targets(290,5): error MSB4018:    at Microsoft.NET.Build.Tasks.GenerateRuntimeConfigurationFiles.WriteToJsonFile(String fileName, Object value) [C:\Users\79175\Desktop\Sprint_server\data\solutions\2700\Solution\SampleProject\SampleProject.csproj]
C:\Program Files\dotnet\sdk\5.0.103\Sdks\Microsoft.NET.Sdk\targets\Microsoft.NET.Sdk.targets(290,5): error MSB4018:    at Microsoft.NET.Build.Tasks.GenerateRuntimeConfigurationFiles.WriteRuntimeConfig(RuntimeFramework[] runtimeFrameworks, LockFileTargetLibrary platformLibrary, Boolean isFrameworkDependent, IList`1 packageFolders) [C:\Users\79175\Desktop\Sprint_server\data\solutions\2700\Solution\SampleProject\SampleProject.csproj]
C:\Program Files\dotnet\sdk\5.0.103\Sdks\Microsoft.NET.Sdk\targets\Microsoft.NET.Sdk.targets(290,5): error MSB4018:    at Microsoft.NET.Build.Tasks.GenerateRuntimeConfigurationFiles.ExecuteCore() [C:\Users\79175\Desktop\Sprint_server\data\solutions\2700\Solution\SampleProject\SampleProject.csproj]
C:\Program Files\dotnet\sdk\5.0.103\Sdks\Microsoft.NET.Sdk\targets\Microsoft.NET.Sdk.targets(290,5): error MSB4018:    at Microsoft.NET.Build.Tasks.TaskBase.Execute() [C:\Users\79175\Desktop\Sprint_server\data\solutions\2700\Solution\SampleProject\SampleProject.csproj]
C:\Program Files\dotnet\sdk\5.0.103\Sdks\Microsoft.NET.Sdk\targets\Microsoft.NET.Sdk.targets(290,5): error MSB4018:    at Microsoft.Build.BackEnd.TaskExecutionHost.Microsoft.Build.BackEnd.ITaskExecutionHost.Execute() [C:\Users\79175\Desktop\Sprint_server\data\solutions\2700\Solution\SampleProject\SampleProject.csproj]
C:\Program Files\dotnet\sdk\5.0.103\Sdks\Microsoft.NET.Sdk\targets\Microsoft.NET.Sdk.targets(290,5): error MSB4018:    at Microsoft.Build.BackEnd.TaskBuilder.ExecuteInstantiatedTask(ITaskExecutionHost taskExecutionHost, TaskLoggingContext taskLoggingContext, TaskHost taskHost, ItemBucket bucket, TaskExecutionMode howToExecuteTask) [C:\Users\79175\Desktop\Sprint_server\data\solutions\2700\Solution\SampleProject\SampleProject.csproj]
    Предупреждений: 1
    Ошибок: 1

Прошло времени 00:00:01.63
Checking if SampleSolution.sln is project
Checking if SampleSolution.sln is project
Checking if test_folder is project
Checking if test_folder is project
Copying test file to working directory
Copying test file to working directory
Test file copied
Test file copied
Building tests file started
Компилятор Microsoft (R) Visual C# версии 3.8.0-5.20604.10 (9ed4b774)
c Корпорация Майкрософт (Microsoft Corporation). Все права защищены.

on). Все права защищены.

Building tests file finished
Got .dll tests file
Building image
Building tests file finished
Got .dll tests file
Building image
Image built successfully
Running container
Image built successfully
Running container
Running finished
solution_container_2700
Untagged: solution_2700:latest
Deleted: sha256:7af8f86c37309961c73f0e3565010d5c2d97cb9db8c644fb68cc1764e4ac2f7e
Result file not found in container
Result file not found in container
