Testing directory created
Checking if .vs is project
Checking if SampleProject is project

Вас приветствует .NET 5.0!
---------------------
Версия пакета SDK: 5.0.201

Телеметрия
---------
Средства .NET собирают данные об использовании для повышения удобства. Данные собираются корпорацией Майкрософт и предоставляются сообществу. Вы можете отключить отправку данных телеметрии, установив значение "1" или "true" для переменной среды DOTNET_CLI_TELEMETRY_OPTOUT в подходящей оболочке.

Дополнительные сведения о сборе данных телеметрии средствами CLI .NET см. на странице https://aka.ms/dotnet-cli-telemetry.

----------------
Установлен сертификат разработки HTTPS в ASP.NET Core.
Чтобы сделать сертификат доверенным, выполните команду "dotnet dev-certs https --trust" (только в Windows и macOS).
Дополнительные сведения об HTTPS: https://aka.ms/dotnet-https
----------------
Как написать свое первое приложение: https://aka.ms/dotnet-hello-world
Узнать о новых возможностях: https://aka.ms/dotnet-whats-new
Просмотреть документацию: https://aka.ms/dotnet-docs
Сообщить о проблемах и найти исходный код на GitHub: https://github.com/dotnet/core
Для просмотра доступных команд введите команду "dotnet --help" или посетите следующую страницу: https://aka.ms/dotnet-cli.
--------------------------------------------------------------------------------------
Microsoft (R) Build Engine версии 16.9.0+57a23d249 для .NET
(C) Корпорация Майкрософт (Microsoft Corporation). Все права защищены.

  Определение проектов для восстановления...
  Восстановлен C:\Users\79175\Desktop\Sprint_server\data\solutions\2703\Solution\SampleProject\SampleProject.csproj (за 6 sec).
C:\Users\79175\Desktop\Sprint_server\data\solutions\2703\Solution\SampleProject\Program.cs(25,6): error CS1513: Требуется "}" [C:\Users\79175\Desktop\Sprint_server\data\solutions\2703\Solution\SampleProject\SampleProject.csproj]

Ошибка сборки.

C:\Users\79175\Desktop\Sprint_server\data\solutions\2703\Solution\SampleProject\Program.cs(25,6): error CS1513: Требуется "}" [C:\Users\79175\Desktop\Sprint_server\data\solutions\2703\Solution\SampleProject\SampleProject.csproj]
    Предупреждений: 0
    Ошибок: 1

Прошло времени 00:00:07.26
Failed to compile project SampleProject
