<?xml version="1.0" encoding="utf-8" standalone="no"?>
<test-run id="0" runstate="Runnable" testcasecount="2" result="Failed" total="2" passed="0" failed="2" inconclusive="0" skipped="0" asserts="0" engine-version="3.11.1.0" clr-version="4.0.30319.42000" start-time="2020-11-06 15:23:24Z" end-time="2020-11-06 15:23:31Z" duration="7.700396">
  <command-line><![CDATA[C:\Users\egormatveev\Sprint_server\data\solutions\2463\Solution\test_folder\nunit3-console.exe 9.dll]]></command-line>
  <test-suite type="Assembly" id="0-1003" name="9.dll" fullname="C:\Users\egormatveev\Sprint_server\data\solutions\2463\Solution\test_folder\9.dll" runstate="Runnable" testcasecount="2" result="Failed" site="Child" start-time="2020-11-06 15:23:30Z" end-time="2020-11-06 15:23:31Z" duration="1.159252" total="2" passed="0" failed="2" warnings="0" inconclusive="0" skipped="0" asserts="0">
    <environment framework-version="3.11.0.0" clr-version="4.0.30319.42000" os-version="Microsoft Windows NT 10.0.18362" platform="Win32NT" cwd="C:\Users\egormatveev\Sprint_server\data\solutions\2463\Solution\test_folder" machine-name="32D2" user="egormatveev" user-domain="32D2" culture="ru-RU" uiculture="ru-RU" os-architecture="x64" />
    <settings>
      <setting name="DisposeRunners" value="True" />
      <setting name="WorkDirectory" value="C:\Users\egormatveev\Sprint_server\data\solutions\2463\Solution\test_folder" />
      <setting name="ImageRuntimeVersion" value="4.0.30319" />
      <setting name="ImageRequiresX86" value="False" />
      <setting name="ImageRequiresDefaultAppDomainAssemblyResolver" value="False" />
      <setting name="RuntimeFramework" value="mono-4.0" />
      <setting name="NumberOfTestWorkers" value="2" />
    </settings>
    <properties>
      <property name="_PID" value="3860" />
      <property name="_APPDOMAIN" value="domain-" />
    </properties>
    <failure>
      <message><![CDATA[One or more child tests had errors]]></message>
    </failure>
    <test-suite type="TestSuite" id="0-1004" name="TestsProject" fullname="TestsProject" runstate="Runnable" testcasecount="2" result="Failed" site="Child" start-time="2020-11-06 15:23:30Z" end-time="2020-11-06 15:23:31Z" duration="1.014219" total="2" passed="0" failed="2" warnings="0" inconclusive="0" skipped="0" asserts="0">
      <failure>
        <message><![CDATA[One or more child tests had errors]]></message>
      </failure>
      <test-suite type="TestFixture" id="0-1000" name="Tests" fullname="TestsProject.Tests" classname="TestsProject.Tests" runstate="Runnable" testcasecount="2" result="Failed" site="Child" start-time="2020-11-06 15:23:30Z" end-time="2020-11-06 15:23:31Z" duration="0.730026" total="2" passed="0" failed="2" warnings="0" inconclusive="0" skipped="0" asserts="0">
        <failure>
          <message><![CDATA[One or more child tests had errors]]></message>
        </failure>
        <test-case id="0-1001" name="Test1" fullname="TestsProject.Tests.Test1" methodname="Test1" classname="TestsProject.Tests" runstate="Runnable" seed="362405270" result="Failed" label="Error" start-time="2020-11-06 15:23:30Z" end-time="2020-11-06 15:23:31Z" duration="0.314281" asserts="0">
          <failure>
            <message><![CDATA[System.IO.FileNotFoundException : Could not find file "C:\Users\egormatveev\Sprint_server\data\solutions\2463\Solution\test_folder\1.a"]]></message>
            <stack-trace><![CDATA[  at System.IO.FileStream..ctor (System.String path, System.IO.FileMode mode, System.IO.FileAccess access, System.IO.FileShare share, System.Int32 bufferSize, System.Boolean anonymous, System.IO.FileOptions options) [0x0019e] in <e04d3ec971c54d368992eafd86c45930>:0 
  at System.IO.FileStream..ctor (System.String path, System.IO.FileMode mode, System.IO.FileAccess access, System.IO.FileShare share, System.Int32 bufferSize, System.IO.FileOptions options) [0x00000] in <e04d3ec971c54d368992eafd86c45930>:0 
  at (wrapper remoting-invoke-with-check) System.IO.FileStream..ctor(string,System.IO.FileMode,System.IO.FileAccess,System.IO.FileShare,int,System.IO.FileOptions)
  at System.IO.StreamReader..ctor (System.String path, System.Text.Encoding encoding, System.Boolean detectEncodingFromByteOrderMarks, System.Int32 bufferSize) [0x00055] in <e04d3ec971c54d368992eafd86c45930>:0 
  at System.IO.StreamReader..ctor (System.String path, System.Text.Encoding encoding, System.Boolean detectEncodingFromByteOrderMarks) [0x00000] in <e04d3ec971c54d368992eafd86c45930>:0 
  at (wrapper remoting-invoke-with-check) System.IO.StreamReader..ctor(string,System.Text.Encoding,bool)
  at System.IO.File.InternalReadAllText (System.String path, System.Text.Encoding encoding) [0x00000] in <e04d3ec971c54d368992eafd86c45930>:0 
  at System.IO.File.ReadAllText (System.String path) [0x0002c] in <e04d3ec971c54d368992eafd86c45930>:0 
  at TestsProject.Tests.Test1 () [0x00013] in <e37a4135574849b397d74b9010dab4c0>:0 
  at (wrapper managed-to-native) System.Reflection.RuntimeMethodInfo.InternalInvoke(System.Reflection.RuntimeMethodInfo,object,object[],System.Exception&)
  at System.Reflection.RuntimeMethodInfo.Invoke (System.Object obj, System.Reflection.BindingFlags invokeAttr, System.Reflection.Binder binder, System.Object[] parameters, System.Globalization.CultureInfo culture) [0x0006a] in <e04d3ec971c54d368992eafd86c45930>:0 ]]></stack-trace>
          </failure>
        </test-case>
        <test-case id="0-1002" name="Test2" fullname="TestsProject.Tests.Test2" methodname="Test2" classname="TestsProject.Tests" runstate="Runnable" seed="1897039267" result="Failed" label="Error" start-time="2020-11-06 15:23:31Z" end-time="2020-11-06 15:23:31Z" duration="0.008476" asserts="0">
          <failure>
            <message><![CDATA[System.IO.FileNotFoundException : Could not find file "C:\Users\egormatveev\Sprint_server\data\solutions\2463\Solution\test_folder\2.a"]]></message>
            <stack-trace><![CDATA[  at System.IO.FileStream..ctor (System.String path, System.IO.FileMode mode, System.IO.FileAccess access, System.IO.FileShare share, System.Int32 bufferSize, System.Boolean anonymous, System.IO.FileOptions options) [0x0019e] in <e04d3ec971c54d368992eafd86c45930>:0 
  at System.IO.FileStream..ctor (System.String path, System.IO.FileMode mode, System.IO.FileAccess access, System.IO.FileShare share, System.Int32 bufferSize, System.IO.FileOptions options) [0x00000] in <e04d3ec971c54d368992eafd86c45930>:0 
  at (wrapper remoting-invoke-with-check) System.IO.FileStream..ctor(string,System.IO.FileMode,System.IO.FileAccess,System.IO.FileShare,int,System.IO.FileOptions)
  at System.IO.StreamReader..ctor (System.String path, System.Text.Encoding encoding, System.Boolean detectEncodingFromByteOrderMarks, System.Int32 bufferSize) [0x00055] in <e04d3ec971c54d368992eafd86c45930>:0 
  at System.IO.StreamReader..ctor (System.String path, System.Text.Encoding encoding, System.Boolean detectEncodingFromByteOrderMarks) [0x00000] in <e04d3ec971c54d368992eafd86c45930>:0 
  at (wrapper remoting-invoke-with-check) System.IO.StreamReader..ctor(string,System.Text.Encoding,bool)
  at System.IO.File.InternalReadAllText (System.String path, System.Text.Encoding encoding) [0x00000] in <e04d3ec971c54d368992eafd86c45930>:0 
  at System.IO.File.ReadAllText (System.String path) [0x0002c] in <e04d3ec971c54d368992eafd86c45930>:0 
  at TestsProject.Tests.Test2 () [0x00013] in <e37a4135574849b397d74b9010dab4c0>:0 
  at (wrapper managed-to-native) System.Reflection.RuntimeMethodInfo.InternalInvoke(System.Reflection.RuntimeMethodInfo,object,object[],System.Exception&)
  at System.Reflection.RuntimeMethodInfo.Invoke (System.Object obj, System.Reflection.BindingFlags invokeAttr, System.Reflection.Binder binder, System.Object[] parameters, System.Globalization.CultureInfo culture) [0x0006a] in <e04d3ec971c54d368992eafd86c45930>:0 ]]></stack-trace>
          </failure>
        </test-case>
      </test-suite>
    </test-suite>
  </test-suite>
</test-run>